{"C:\\Users\\gaper\\OneDrive\\Escritorio\\Desarrollo\\Desarrollo_de_Software\\Pruebas-Tecnicas\\WhyNot\\tennis-league\\server\\src\\helpers\\appError.js": {"path":"C:\\Users\\gaper\\OneDrive\\Escritorio\\Desarrollo\\Desarrollo_de_Software\\Pruebas-Tecnicas\\WhyNot\\tennis-league\\server\\src\\helpers\\appError.js","statementMap":{"0":{"start":{"line":3,"column":8},"end":{"line":3,"column":23}},"1":{"start":{"line":5,"column":8},"end":{"line":5,"column":37}},"2":{"start":{"line":6,"column":8},"end":{"line":6,"column":70}},"3":{"start":{"line":7,"column":8},"end":{"line":7,"column":34}},"4":{"start":{"line":9,"column":8},"end":{"line":9,"column":56}},"5":{"start":{"line":13,"column":0},"end":{"line":13,"column":30}}},"fnMap":{"0":{"name":"(anonymous_0)","decl":{"start":{"line":2,"column":4},"end":{"line":2,"column":5}},"loc":{"start":{"line":2,"column":37},"end":{"line":10,"column":5}},"line":2}},"branchMap":{"0":{"loc":{"start":{"line":6,"column":22},"end":{"line":6,"column":69}},"type":"cond-expr","locations":[{"start":{"line":6,"column":53},"end":{"line":6,"column":60}},{"start":{"line":6,"column":63},"end":{"line":6,"column":69}}],"line":6}},"s":{"0":8,"1":8,"2":8,"3":8,"4":8,"5":1},"f":{"0":8},"b":{"0":[0,8]},"_coverageSchema":"1a1c01bbd47fc00a2c39e90264f33305004495a9","hash":"a219cd608661d212ed49f1361aa8739b8bab8191"}
,"C:\\Users\\gaper\\OneDrive\\Escritorio\\Desarrollo\\Desarrollo_de_Software\\Pruebas-Tecnicas\\WhyNot\\tennis-league\\server\\src\\services\\auth.services.js": {"path":"C:\\Users\\gaper\\OneDrive\\Escritorio\\Desarrollo\\Desarrollo_de_Software\\Pruebas-Tecnicas\\WhyNot\\tennis-league\\server\\src\\services\\auth.services.js","statementMap":{"0":{"start":{"line":1,"column":13},"end":{"line":1,"column":44}},"1":{"start":{"line":2,"column":21},"end":{"line":2,"column":51}},"2":{"start":{"line":3,"column":33},"end":{"line":3,"column":58}},"3":{"start":{"line":7,"column":4},"end":{"line":7,"column":33}},"4":{"start":{"line":21,"column":8},"end":{"line":54,"column":9}},"5":{"start":{"line":22,"column":33},"end":{"line":22,"column":62}},"6":{"start":{"line":23,"column":12},"end":{"line":25,"column":13}},"7":{"start":{"line":24,"column":16},"end":{"line":24,"column":64}},"8":{"start":{"line":27,"column":35},"end":{"line":27,"column":66}},"9":{"start":{"line":29,"column":28},"end":{"line":39,"column":14}},"10":{"start":{"line":41,"column":12},"end":{"line":43,"column":13}},"11":{"start":{"line":42,"column":16},"end":{"line":42,"column":65}},"12":{"start":{"line":45,"column":26},"end":{"line":45,"column":55}},"13":{"start":{"line":47,"column":12},"end":{"line":50,"column":14}},"14":{"start":{"line":52,"column":12},"end":{"line":52,"column":31}},"15":{"start":{"line":53,"column":12},"end":{"line":53,"column":55}},"16":{"start":{"line":58,"column":8},"end":{"line":74,"column":9}},"17":{"start":{"line":59,"column":25},"end":{"line":59,"column":54}},"18":{"start":{"line":60,"column":12},"end":{"line":62,"column":13}},"19":{"start":{"line":61,"column":16},"end":{"line":61,"column":59}},"20":{"start":{"line":64,"column":28},"end":{"line":64,"column":74}},"21":{"start":{"line":65,"column":12},"end":{"line":67,"column":13}},"22":{"start":{"line":66,"column":16},"end":{"line":66,"column":69}},"23":{"start":{"line":69,"column":26},"end":{"line":69,"column":52}},"24":{"start":{"line":71,"column":12},"end":{"line":71,"column":74}},"25":{"start":{"line":73,"column":12},"end":{"line":73,"column":52}},"26":{"start":{"line":78,"column":0},"end":{"line":78,"column":30}}},"fnMap":{"0":{"name":"(anonymous_0)","decl":{"start":{"line":10,"column":4},"end":{"line":10,"column":5}},"loc":{"start":{"line":20,"column":6},"end":{"line":55,"column":5}},"line":20},"1":{"name":"(anonymous_1)","decl":{"start":{"line":57,"column":4},"end":{"line":57,"column":5}},"loc":{"start":{"line":57,"column":44},"end":{"line":75,"column":5}},"line":57}},"branchMap":{"0":{"loc":{"start":{"line":23,"column":12},"end":{"line":25,"column":13}},"type":"if","locations":[{"start":{"line":23,"column":12},"end":{"line":25,"column":13}},{"start":{},"end":{}}],"line":23},"1":{"loc":{"start":{"line":41,"column":12},"end":{"line":43,"column":13}},"type":"if","locations":[{"start":{"line":41,"column":12},"end":{"line":43,"column":13}},{"start":{},"end":{}}],"line":41},"2":{"loc":{"start":{"line":60,"column":12},"end":{"line":62,"column":13}},"type":"if","locations":[{"start":{"line":60,"column":12},"end":{"line":62,"column":13}},{"start":{},"end":{}}],"line":60},"3":{"loc":{"start":{"line":65,"column":12},"end":{"line":67,"column":13}},"type":"if","locations":[{"start":{"line":65,"column":12},"end":{"line":67,"column":13}},{"start":{},"end":{}}],"line":65}},"s":{"0":1,"1":1,"2":1,"3":1,"4":3,"5":3,"6":3,"7":1,"8":2,"9":2,"10":1,"11":0,"12":1,"13":1,"14":2,"15":2,"16":4,"17":4,"18":4,"19":1,"20":3,"21":2,"22":1,"23":1,"24":1,"25":3,"26":1},"f":{"0":3,"1":4},"b":{"0":[1,2],"1":[0,1],"2":[1,3],"3":[1,1]},"_coverageSchema":"1a1c01bbd47fc00a2c39e90264f33305004495a9","hash":"5267f41a5776bf8e210d20f6f4b9eb381426d25a"}
}
