TN:
SF:src\helpers\appError.js
FN:2,(anonymous_0)
FNF:1
FNH:1
FNDA:8,(anonymous_0)
DA:3,8
DA:5,8
DA:6,8
DA:7,8
DA:9,8
DA:13,1
LF:6
LH:6
BRDA:6,0,0,0
BRDA:6,0,1,8
BRF:2
BRH:1
end_of_record
TN:
SF:src\services\auth.services.js
FN:10,(anonymous_0)
FN:57,(anonymous_1)
FNF:2
FNH:2
FNDA:3,(anonymous_0)
FNDA:4,(anonymous_1)
DA:1,1
DA:2,1
DA:3,1
DA:7,1
DA:21,3
DA:22,3
DA:23,3
DA:24,1
DA:27,2
DA:29,2
DA:41,1
DA:42,0
DA:45,1
DA:47,1
DA:52,2
DA:53,2
DA:58,4
DA:59,4
DA:60,4
DA:61,1
DA:64,3
DA:65,2
DA:66,1
DA:69,1
DA:71,1
DA:73,3
DA:78,1
LF:27
LH:26
BRDA:23,0,0,1
BRDA:23,0,1,2
BRDA:41,1,0,0
BRDA:41,1,1,1
BRDA:60,2,0,1
BRDA:60,2,1,3
BRDA:65,3,0,1
BRDA:65,3,1,1
BRF:8
BRH:7
end_of_record
